# JRE version: Java(TM) SE Runtime Environment (15.0.2+7) (build 15.0.2+7-27)
# Java VM: Java HotSpot(TM) 64-Bit Server VM (15.0.2+7-27, mixed mode, sharing, tiered, compressed oops, g1 gc, windows-amd64)
GC Precious Log:
 CPUs: 8 total, 8 available
 Memory: 8066M
 Large Page Support: Disabled
 NUMA Support: Disabled
 Compressed Oops: Enabled (32-bit)
 Heap Region Size: 1M
 Heap Min Capacity: 8M
 Heap Initial Capacity: 8M
 Heap Max Capacity: 2018M
 Pre-touch: Disabled
 Parallel Workers: 8
 Concurrent Workers: 2
 Concurrent Refinement Workers: 8
 Periodic GC: Disabled
Heap:
 garbage-first heap   total 11264K, used 2609K [0x0000000081e00000, 0x0000000100000000)
  region size 1024K, 1 young (1024K), 1 survivors (1024K)
 Metaspace       used 7808K, capacity 10854K, committed 11008K, reserved 1058816K
  class space    used 911K, capacity 1190K, committed 1280K, reserved 1048576K
GC Heap History (9 events):
Event: 0.180 GC heap before
{Heap before GC invocations=0 (full 0):
 garbage-first heap   total 8192K, used 3072K [0x0000000081e00000, 0x0000000100000000)
  region size 1024K, 3 young (3072K), 0 survivors (0K)
 Metaspace       used 2448K, capacity 5902K, committed 6016K, reserved 1056768K
  class space    used 277K, capacity 606K, committed 640K, reserved 1048576K
}
Event: 0.183 GC heap after
{Heap after GC invocations=1 (full 0):
 garbage-first heap   total 8192K, used 1133K [0x0000000081e00000, 0x0000000100000000)
  region size 1024K, 1 young (1024K), 1 survivors (1024K)
 Metaspace       used 2448K, capacity 5902K, committed 6016K, reserved 1056768K
  class space    used 277K, capacity 606K, committed 640K, reserved 1048576K
}
Event: 0.233 GC heap before
{Heap before GC invocations=1 (full 0):
 garbage-first heap   total 8192K, used 2157K [0x0000000081e00000, 0x0000000100000000)
  region size 1024K, 2 young (2048K), 1 survivors (1024K)
 Metaspace       used 3724K, capacity 7159K, committed 7296K, reserved 1056768K
  class space    used 461K, capacity 769K, committed 896K, reserved 1048576K
}
Event: 0.236 GC heap after
{Heap after GC invocations=2 (full 0):
 garbage-first heap   total 8192K, used 1661K [0x0000000081e00000, 0x0000000100000000)
  region size 1024K, 1 young (1024K), 1 survivors (1024K)
 Metaspace       used 3724K, capacity 7159K, committed 7296K, reserved 1056768K
  class space    used 461K, capacity 769K, committed 896K, reserved 1048576K
}
Event: 0.314 GC heap before
{Heap before GC invocations=2 (full 0):
 garbage-first heap   total 8192K, used 2685K [0x0000000081e00000, 0x0000000100000000)
  region size 1024K, 2 young (2048K), 1 survivors (1024K)
 Metaspace       used 5975K, capacity 9370K, committed 9472K, reserved 1058816K
  class space    used 697K, capacity 994K, committed 1024K, reserved 1048576K
}
Event: 0.316 GC heap after
{Heap after GC invocations=3 (full 0):
 garbage-first heap   total 8192K, used 1988K [0x0000000081e00000, 0x0000000100000000)
  region size 1024K, 1 young (1024K), 1 survivors (1024K)
 Metaspace       used 5975K, capacity 9370K, committed 9472K, reserved 1058816K
  class space    used 697K, capacity 994K, committed 1024K, reserved 1048576K
}
Event: 0.388 GC heap before
{Heap before GC invocations=3 (full 0):
 garbage-first heap   total 8192K, used 3012K [0x0000000081e00000, 0x0000000100000000)
  region size 1024K, 2 young (2048K), 1 survivors (1024K)
 Metaspace       used 7038K, capacity 10310K, committed 10496K, reserved 1058816K
  class space    used 844K, capacity 1158K, committed 1280K, reserved 1048576K
}
Event: 0.391 GC heap after
{Heap after GC invocations=4 (full 0):
 garbage-first heap   total 8192K, used 2305K [0x0000000081e00000, 0x0000000100000000)
  region size 1024K, 1 young (1024K), 1 survivors (1024K)
 Metaspace       used 7038K, capacity 10310K, committed 10496K, reserved 1058816K
  class space    used 844K, capacity 1158K, committed 1280K, reserved 1048576K
}
Event: 0.448 GC heap before
{Heap before GC invocations=4 (full 0):
 garbage-first heap   total 8192K, used 3329K [0x0000000081e00000, 0x0000000100000000)
  region size 1024K, 2 young (2048K), 1 survivors (1024K)
 Metaspace       used 7808K, capacity 10854K, committed 11008K, reserved 1058816K
  class space    used 911K, capacity 1190K, committed 1280K, reserved 1048576K
}

