# JRE version: Java(TM) SE Runtime Environment (15.0.2+7) (build 15.0.2+7-27)
# Java VM: Java HotSpot(TM) 64-Bit Server VM (15.0.2+7-27, mixed mode, sharing, tiered, compressed oops, g1 gc, windows-amd64)
GC Precious Log:
 CPUs: 8 total, 8 available
 Memory: 8066M
 Large Page Support: Disabled
 NUMA Support: Disabled
 Compressed Oops: Enabled (32-bit)
 Heap Region Size: 1M
 Heap Min Capacity: 8M
 Heap Initial Capacity: 8M
 Heap Max Capacity: 2018M
 Pre-touch: Disabled
 Parallel Workers: 8
 Concurrent Workers: 2
 Concurrent Refinement Workers: 8
 Periodic GC: Disabled
Heap:
 garbage-first heap   total 32768K, used 9589K [0x0000000081e00000, 0x0000000100000000)
  region size 1024K, 3 young (3072K), 2 survivors (2048K)
 Metaspace       used 10061K, capacity 12267K, committed 12416K, reserved 1069056K
  class space    used 1154K, capacity 1362K, committed 1408K, reserved 1048576K
GC Heap History (20 events):
Event: 1.096 GC heap before
{Heap before GC invocations=7 (full 0):
 garbage-first heap   total 10240K, used 5350K [0x0000000081e00000, 0x0000000100000000)
  region size 1024K, 2 young (2048K), 1 survivors (1024K)
 Metaspace       used 8803K, capacity 11326K, committed 11520K, reserved 1058816K
  class space    used 1029K, capacity 1262K, committed 1280K, reserved 1048576K
}
Event: 1.099 GC heap after
{Heap after GC invocations=8 (full 0):
 garbage-first heap   total 10240K, used 4447K [0x0000000081e00000, 0x0000000100000000)
  region size 1024K, 1 young (1024K), 1 survivors (1024K)
 Metaspace       used 8803K, capacity 11326K, committed 11520K, reserved 1058816K
  class space    used 1029K, capacity 1262K, committed 1280K, reserved 1048576K
}
Event: 1.102 GC heap before
{Heap before GC invocations=8 (full 0):
 garbage-first heap   total 10240K, used 5471K [0x0000000081e00000, 0x0000000100000000)
  region size 1024K, 2 young (2048K), 1 survivors (1024K)
 Metaspace       used 8804K, capacity 11326K, committed 11520K, reserved 1058816K
  class space    used 1029K, capacity 1262K, committed 1280K, reserved 1048576K
}
Event: 1.104 GC heap after
{Heap after GC invocations=9 (full 0):
 garbage-first heap   total 13312K, used 4548K [0x0000000081e00000, 0x0000000100000000)
  region size 1024K, 1 young (1024K), 1 survivors (1024K)
 Metaspace       used 8804K, capacity 11326K, committed 11520K, reserved 1058816K
  class space    used 1029K, capacity 1262K, committed 1280K, reserved 1048576K
}
Event: 1.139 GC heap before
{Heap before GC invocations=10 (full 0):
 garbage-first heap   total 13312K, used 6596K [0x0000000081e00000, 0x0000000100000000)
  region size 1024K, 3 young (3072K), 1 survivors (1024K)
 Metaspace       used 8902K, capacity 11329K, committed 11520K, reserved 1058816K
  class space    used 1036K, capacity 1263K, committed 1280K, reserved 1048576K
}
Event: 1.141 GC heap after
{Heap after GC invocations=11 (full 0):
 garbage-first heap   total 13312K, used 4747K [0x0000000081e00000, 0x0000000100000000)
  region size 1024K, 1 young (1024K), 1 survivors (1024K)
 Metaspace       used 8902K, capacity 11329K, committed 11520K, reserved 1058816K
  class space    used 1036K, capacity 1263K, committed 1280K, reserved 1048576K
}
Event: 1.151 GC heap before
{Heap before GC invocations=11 (full 0):
 garbage-first heap   total 13312K, used 6795K [0x0000000081e00000, 0x0000000100000000)
  region size 1024K, 3 young (3072K), 1 survivors (1024K)
 Metaspace       used 8923K, capacity 11329K, committed 11520K, reserved 1058816K
  class space    used 1036K, capacity 1263K, committed 1280K, reserved 1048576K
}
Event: 1.153 GC heap after
{Heap after GC invocations=12 (full 0):
 garbage-first heap   total 13312K, used 5065K [0x0000000081e00000, 0x0000000100000000)
  region size 1024K, 1 young (1024K), 1 survivors (1024K)
 Metaspace       used 8923K, capacity 11329K, committed 11520K, reserved 1058816K
  class space    used 1036K, capacity 1263K, committed 1280K, reserved 1048576K
}
Event: 1.171 GC heap before
{Heap before GC invocations=12 (full 0):
 garbage-first heap   total 13312K, used 7113K [0x0000000081e00000, 0x0000000100000000)
  region size 1024K, 3 young (3072K), 1 survivors (1024K)
 Metaspace       used 8944K, capacity 11329K, committed 11520K, reserved 1058816K
  class space    used 1036K, capacity 1263K, committed 1280K, reserved 1048576K
}
Event: 1.173 GC heap after
{Heap after GC invocations=13 (full 0):
 garbage-first heap   total 13312K, used 5331K [0x0000000081e00000, 0x0000000100000000)
  region size 1024K, 1 young (1024K), 1 survivors (1024K)
 Metaspace       used 8944K, capacity 11329K, committed 11520K, reserved 1058816K
  class space    used 1036K, capacity 1263K, committed 1280K, reserved 1048576K
}
Event: 1.178 GC heap before
{Heap before GC invocations=13 (full 0):
 garbage-first heap   total 13312K, used 7379K [0x0000000081e00000, 0x0000000100000000)
  region size 1024K, 3 young (3072K), 1 survivors (1024K)
 Metaspace       used 8945K, capacity 11329K, committed 11520K, reserved 1058816K
  class space    used 1036K, capacity 1263K, committed 1280K, reserved 1048576K
}
Event: 1.180 GC heap after
{Heap after GC invocations=14 (full 0):
 garbage-first heap   total 16384K, used 5571K [0x0000000081e00000, 0x0000000100000000)
  region size 1024K, 1 young (1024K), 1 survivors (1024K)
 Metaspace       used 8945K, capacity 11329K, committed 11520K, reserved 1058816K
  class space    used 1036K, capacity 1263K, committed 1280K, reserved 1048576K
}
Event: 1.228 GC heap before
{Heap before GC invocations=14 (full 0):
 garbage-first heap   total 16384K, used 9667K [0x0000000081e00000, 0x0000000100000000)
  region size 1024K, 6 young (6144K), 1 survivors (1024K)
 Metaspace       used 9168K, capacity 11559K, committed 11904K, reserved 1060864K
  class space    used 1058K, capacity 1297K, committed 1408K, reserved 1048576K
}
Event: 1.231 GC heap after
{Heap after GC invocations=15 (full 0):
 garbage-first heap   total 16384K, used 7058K [0x0000000081e00000, 0x0000000100000000)
  region size 1024K, 1 young (1024K), 1 survivors (1024K)
 Metaspace       used 9168K, capacity 11559K, committed 11904K, reserved 1060864K
  class space    used 1058K, capacity 1297K, committed 1408K, reserved 1048576K
}
Event: 1.255 GC heap before
{Heap before GC invocations=15 (full 0):
 garbage-first heap   total 16384K, used 10130K [0x0000000081e00000, 0x0000000100000000)
  region size 1024K, 4 young (4096K), 1 survivors (1024K)
 Metaspace       used 9247K, capacity 11624K, committed 11904K, reserved 1060864K
  class space    used 1067K, capacity 1297K, committed 1408K, reserved 1048576K
}
Event: 1.259 GC heap after
{Heap after GC invocations=16 (full 0):
 garbage-first heap   total 16384K, used 7674K [0x0000000081e00000, 0x0000000100000000)
  region size 1024K, 1 young (1024K), 1 survivors (1024K)
 Metaspace       used 9247K, capacity 11624K, committed 11904K, reserved 1060864K
  class space    used 1067K, capacity 1297K, committed 1408K, reserved 1048576K
}
Event: 1.301 GC heap before
{Heap before GC invocations=16 (full 0):
 garbage-first heap   total 16384K, used 10746K [0x0000000081e00000, 0x0000000100000000)
  region size 1024K, 4 young (4096K), 1 survivors (1024K)
 Metaspace       used 9593K, capacity 11848K, committed 12160K, reserved 1060864K
  class space    used 1104K, capacity 1329K, committed 1408K, reserved 1048576K
}
Event: 1.305 GC heap after
{Heap after GC invocations=17 (full 0):
 garbage-first heap   total 16384K, used 8305K [0x0000000081e00000, 0x0000000100000000)
  region size 1024K, 1 young (1024K), 1 survivors (1024K)
 Metaspace       used 9593K, capacity 11848K, committed 12160K, reserved 1060864K
  class space    used 1104K, capacity 1329K, committed 1408K, reserved 1048576K
}
Event: 1.333 GC heap before
{Heap before GC invocations=17 (full 0):
 garbage-first heap   total 16384K, used 10353K [0x0000000081e00000, 0x0000000100000000)
  region size 1024K, 3 young (3072K), 1 survivors (1024K)
 Metaspace       used 9800K, capacity 12040K, committed 12160K, reserved 1060864K
  class space    used 1124K, capacity 1329K, committed 1408K, reserved 1048576K
}
Event: 1.337 GC heap after
{Heap after GC invocations=18 (full 0):
 garbage-first heap   total 32768K, used 8679K [0x0000000081e00000, 0x0000000100000000)
  region size 1024K, 1 young (1024K), 1 survivors (1024K)
 Metaspace       used 9800K, capacity 12040K, committed 12160K, reserved 1060864K
  class space    used 1124K, capacity 1329K, committed 1408K, reserved 1048576K
}

