# JRE version: Java(TM) SE Runtime Environment (15.0.2+7) (build 15.0.2+7-27)
# Java VM: Java HotSpot(TM) 64-Bit Server VM (15.0.2+7-27, mixed mode, sharing, tiered, compressed oops, g1 gc, windows-amd64)
GC Precious Log:
 CPUs: 8 total, 8 available
 Memory: 8066M
 Large Page Support: Disabled
 NUMA Support: Disabled
 Compressed Oops: Enabled (32-bit)
 Heap Region Size: 1M
 Heap Min Capacity: 8M
 Heap Initial Capacity: 8M
 Heap Max Capacity: 2018M
 Pre-touch: Disabled
 Parallel Workers: 8
 Concurrent Workers: 2
 Concurrent Refinement Workers: 8
 Periodic GC: Disabled
Heap:
 garbage-first heap   total 20480K, used 11542K [0x0000000081e00000, 0x0000000100000000)
  region size 1024K, 4 young (4096K), 1 survivors (1024K)
 Metaspace       used 10077K, capacity 12267K, committed 12416K, reserved 1060864K
  class space    used 1154K, capacity 1362K, committed 1408K, reserved 1048576K
GC Heap History (20 events):
Event: 0.692 GC heap before
{Heap before GC invocations=5 (full 0):
 garbage-first heap   total 10240K, used 4661K [0x0000000081e00000, 0x0000000100000000)
  region size 1024K, 3 young (3072K), 1 survivors (1024K)
 Metaspace       used 8096K, capacity 10997K, committed 11264K, reserved 1058816K
  class space    used 942K, capacity 1195K, committed 1280K, reserved 1048576K
}
Event: 0.697 GC heap after
{Heap after GC invocations=6 (full 0):
 garbage-first heap   total 10240K, used 3442K [0x0000000081e00000, 0x0000000100000000)
  region size 1024K, 1 young (1024K), 1 survivors (1024K)
 Metaspace       used 8096K, capacity 10997K, committed 11264K, reserved 1058816K
  class space    used 942K, capacity 1195K, committed 1280K, reserved 1048576K
}
Event: 0.793 GC heap before
{Heap before GC invocations=6 (full 0):
 garbage-first heap   total 10240K, used 5490K [0x0000000081e00000, 0x0000000100000000)
  region size 1024K, 3 young (3072K), 1 survivors (1024K)
 Metaspace       used 8790K, capacity 11326K, committed 11520K, reserved 1058816K
  class space    used 1029K, capacity 1262K, committed 1280K, reserved 1048576K
}
Event: 0.798 GC heap after
{Heap after GC invocations=7 (full 0):
 garbage-first heap   total 10240K, used 4259K [0x0000000081e00000, 0x0000000100000000)
  region size 1024K, 1 young (1024K), 1 survivors (1024K)
 Metaspace       used 8790K, capacity 11326K, committed 11520K, reserved 1058816K
  class space    used 1029K, capacity 1262K, committed 1280K, reserved 1048576K
}
Event: 0.811 GC heap before
{Heap before GC invocations=7 (full 0):
 garbage-first heap   total 10240K, used 5283K [0x0000000081e00000, 0x0000000100000000)
  region size 1024K, 2 young (2048K), 1 survivors (1024K)
 Metaspace       used 8812K, capacity 11326K, committed 11520K, reserved 1058816K
  class space    used 1029K, capacity 1262K, committed 1280K, reserved 1048576K
}
Event: 0.813 GC heap after
{Heap after GC invocations=8 (full 0):
 garbage-first heap   total 10240K, used 4583K [0x0000000081e00000, 0x0000000100000000)
  region size 1024K, 1 young (1024K), 1 survivors (1024K)
 Metaspace       used 8812K, capacity 11326K, committed 11520K, reserved 1058816K
  class space    used 1029K, capacity 1262K, committed 1280K, reserved 1048576K
}
Event: 0.817 GC heap before
{Heap before GC invocations=8 (full 0):
 garbage-first heap   total 10240K, used 5607K [0x0000000081e00000, 0x0000000100000000)
  region size 1024K, 2 young (2048K), 1 survivors (1024K)
 Metaspace       used 8816K, capacity 11326K, committed 11520K, reserved 1058816K
  class space    used 1029K, capacity 1262K, committed 1280K, reserved 1048576K
}
Event: 0.819 GC heap after
{Heap after GC invocations=9 (full 0):
 garbage-first heap   total 14336K, used 4617K [0x0000000081e00000, 0x0000000100000000)
  region size 1024K, 1 young (1024K), 1 survivors (1024K)
 Metaspace       used 8816K, capacity 11326K, committed 11520K, reserved 1058816K
  class space    used 1029K, capacity 1262K, committed 1280K, reserved 1048576K
}
Event: 0.864 GC heap before
{Heap before GC invocations=10 (full 0):
 garbage-first heap   total 14336K, used 6665K [0x0000000081e00000, 0x0000000100000000)
  region size 1024K, 3 young (3072K), 1 survivors (1024K)
 Metaspace       used 8901K, capacity 11329K, committed 11520K, reserved 1058816K
  class space    used 1036K, capacity 1263K, committed 1280K, reserved 1048576K
}
Event: 0.866 GC heap after
{Heap after GC invocations=11 (full 0):
 garbage-first heap   total 14336K, used 4788K [0x0000000081e00000, 0x0000000100000000)
  region size 1024K, 1 young (1024K), 1 survivors (1024K)
 Metaspace       used 8901K, capacity 11329K, committed 11520K, reserved 1058816K
  class space    used 1036K, capacity 1263K, committed 1280K, reserved 1048576K
}
Event: 0.888 GC heap before
{Heap before GC invocations=11 (full 0):
 garbage-first heap   total 14336K, used 7860K [0x0000000081e00000, 0x0000000100000000)
  region size 1024K, 4 young (4096K), 1 survivors (1024K)
 Metaspace       used 8934K, capacity 11329K, committed 11520K, reserved 1058816K
  class space    used 1036K, capacity 1263K, committed 1280K, reserved 1048576K
}
Event: 0.891 GC heap after
{Heap after GC invocations=12 (full 0):
 garbage-first heap   total 14336K, used 5193K [0x0000000081e00000, 0x0000000100000000)
  region size 1024K, 1 young (1024K), 1 survivors (1024K)
 Metaspace       used 8934K, capacity 11329K, committed 11520K, reserved 1058816K
  class space    used 1036K, capacity 1263K, committed 1280K, reserved 1048576K
}
Event: 0.909 GC heap before
{Heap before GC invocations=12 (full 0):
 garbage-first heap   total 14336K, used 8265K [0x0000000081e00000, 0x0000000100000000)
  region size 1024K, 4 young (4096K), 1 survivors (1024K)
 Metaspace       used 8947K, capacity 11329K, committed 11520K, reserved 1058816K
  class space    used 1036K, capacity 1263K, committed 1280K, reserved 1048576K
}
Event: 0.912 GC heap after
{Heap after GC invocations=13 (full 0):
 garbage-first heap   total 14336K, used 5572K [0x0000000081e00000, 0x0000000100000000)
  region size 1024K, 1 young (1024K), 1 survivors (1024K)
 Metaspace       used 8947K, capacity 11329K, committed 11520K, reserved 1058816K
  class space    used 1036K, capacity 1263K, committed 1280K, reserved 1048576K
}
Event: 0.957 GC heap before
{Heap before GC invocations=13 (full 0):
 garbage-first heap   total 14336K, used 8644K [0x0000000081e00000, 0x0000000100000000)
  region size 1024K, 4 young (4096K), 1 survivors (1024K)
 Metaspace       used 9121K, capacity 11495K, committed 11648K, reserved 1058816K
  class space    used 1057K, capacity 1297K, committed 1408K, reserved 1048576K
}
Event: 0.962 GC heap after
{Heap after GC invocations=14 (full 0):
 garbage-first heap   total 20480K, used 6243K [0x0000000081e00000, 0x0000000100000000)
  region size 1024K, 1 young (1024K), 1 survivors (1024K)
 Metaspace       used 9121K, capacity 11495K, committed 11648K, reserved 1058816K
  class space    used 1057K, capacity 1297K, committed 1408K, reserved 1048576K
}
Event: 1.065 GC heap before
{Heap before GC invocations=14 (full 0):
 garbage-first heap   total 20480K, used 12387K [0x0000000081e00000, 0x0000000100000000)
  region size 1024K, 8 young (8192K), 1 survivors (1024K)
 Metaspace       used 9555K, capacity 11848K, committed 12160K, reserved 1060864K
  class space    used 1103K, capacity 1329K, committed 1408K, reserved 1048576K
}
Event: 1.072 GC heap after
{Heap after GC invocations=15 (full 0):
 garbage-first heap   total 20480K, used 8148K [0x0000000081e00000, 0x0000000100000000)
  region size 1024K, 1 young (1024K), 1 survivors (1024K)
 Metaspace       used 9555K, capacity 11848K, committed 12160K, reserved 1060864K
  class space    used 1103K, capacity 1329K, committed 1408K, reserved 1048576K
}
Event: 1.149 GC heap before
{Heap before GC invocations=15 (full 0):
 garbage-first heap   total 20480K, used 12244K [0x0000000081e00000, 0x0000000100000000)
  region size 1024K, 5 young (5120K), 1 survivors (1024K)
 Metaspace       used 9807K, capacity 12040K, committed 12160K, reserved 1060864K
  class space    used 1124K, capacity 1329K, committed 1408K, reserved 1048576K
}
Event: 1.153 GC heap after
{Heap after GC invocations=16 (full 0):
 garbage-first heap   total 20480K, used 8901K [0x0000000081e00000, 0x0000000100000000)
  region size 1024K, 1 young (1024K), 1 survivors (1024K)
 Metaspace       used 9807K, capacity 12040K, committed 12160K, reserved 1060864K
  class space    used 1124K, capacity 1329K, committed 1408K, reserved 1048576K
}

