# JRE version: Java(TM) SE Runtime Environment (15.0.2+7) (build 15.0.2+7-27)
# Java VM: Java HotSpot(TM) 64-Bit Server VM (15.0.2+7-27, mixed mode, sharing, tiered, compressed oops, g1 gc, windows-amd64)
GC Precious Log:
 CPUs: 8 total, 8 available
 Memory: 8066M
 Large Page Support: Disabled
 NUMA Support: Disabled
 Compressed Oops: Enabled (32-bit)
 Heap Region Size: 1M
 Heap Min Capacity: 8M
 Heap Initial Capacity: 8M
 Heap Max Capacity: 2018M
 Pre-touch: Disabled
 Parallel Workers: 8
 Concurrent Workers: 2
 Concurrent Refinement Workers: 8
 Periodic GC: Disabled
Heap:
 garbage-first heap   total 38912K, used 8169K [0x0000000081e00000, 0x0000000100000000)
  region size 1024K, 1 young (1024K), 1 survivors (1024K)
 Metaspace       used 9550K, capacity 11848K, committed 12160K, reserved 1060864K
  class space    used 1101K, capacity 1329K, committed 1408K, reserved 1048576K
GC Heap History (20 events):
Event: 1.001 GC heap after
{Heap after GC invocations=7 (full 0):
 garbage-first heap   total 10240K, used 4255K [0x0000000081e00000, 0x0000000100000000)
  region size 1024K, 1 young (1024K), 1 survivors (1024K)
 Metaspace       used 8796K, capacity 11326K, committed 11520K, reserved 1058816K
  class space    used 1027K, capacity 1262K, committed 1280K, reserved 1048576K
}
Event: 1.010 GC heap before
{Heap before GC invocations=7 (full 0):
 garbage-first heap   total 10240K, used 5279K [0x0000000081e00000, 0x0000000100000000)
  region size 1024K, 2 young (2048K), 1 survivors (1024K)
 Metaspace       used 8820K, capacity 11326K, committed 11520K, reserved 1058816K
  class space    used 1027K, capacity 1262K, committed 1280K, reserved 1048576K
}
Event: 1.012 GC heap after
{Heap after GC invocations=8 (full 0):
 garbage-first heap   total 10240K, used 4591K [0x0000000081e00000, 0x0000000100000000)
  region size 1024K, 1 young (1024K), 1 survivors (1024K)
 Metaspace       used 8820K, capacity 11326K, committed 11520K, reserved 1058816K
  class space    used 1027K, capacity 1262K, committed 1280K, reserved 1048576K
}
Event: 1.014 GC heap before
{Heap before GC invocations=8 (full 0):
 garbage-first heap   total 10240K, used 5615K [0x0000000081e00000, 0x0000000100000000)
  region size 1024K, 2 young (2048K), 1 survivors (1024K)
 Metaspace       used 8824K, capacity 11326K, committed 11520K, reserved 1058816K
  class space    used 1027K, capacity 1262K, committed 1280K, reserved 1048576K
}
Event: 1.016 GC heap after
{Heap after GC invocations=9 (full 0):
 garbage-first heap   total 12288K, used 4592K [0x0000000081e00000, 0x0000000100000000)
  region size 1024K, 1 young (1024K), 1 survivors (1024K)
 Metaspace       used 8824K, capacity 11326K, committed 11520K, reserved 1058816K
  class space    used 1027K, capacity 1262K, committed 1280K, reserved 1048576K
}
Event: 1.042 GC heap before
{Heap before GC invocations=10 (full 0):
 garbage-first heap   total 12288K, used 5616K [0x0000000081e00000, 0x0000000100000000)
  region size 1024K, 2 young (2048K), 1 survivors (1024K)
 Metaspace       used 8907K, capacity 11329K, committed 11520K, reserved 1058816K
  class space    used 1034K, capacity 1263K, committed 1280K, reserved 1048576K
}
Event: 1.044 GC heap after
{Heap after GC invocations=11 (full 0):
 garbage-first heap   total 12288K, used 4708K [0x0000000081e00000, 0x0000000100000000)
  region size 1024K, 1 young (1024K), 1 survivors (1024K)
 Metaspace       used 8907K, capacity 11329K, committed 11520K, reserved 1058816K
  class space    used 1034K, capacity 1263K, committed 1280K, reserved 1048576K
}
Event: 1.053 GC heap before
{Heap before GC invocations=11 (full 0):
 garbage-first heap   total 12288K, used 6756K [0x0000000081e00000, 0x0000000100000000)
  region size 1024K, 3 young (3072K), 1 survivors (1024K)
 Metaspace       used 8932K, capacity 11329K, committed 11520K, reserved 1058816K
  class space    used 1034K, capacity 1263K, committed 1280K, reserved 1048576K
}
Event: 1.055 GC heap after
{Heap after GC invocations=12 (full 0):
 garbage-first heap   total 12288K, used 5060K [0x0000000081e00000, 0x0000000100000000)
  region size 1024K, 1 young (1024K), 1 survivors (1024K)
 Metaspace       used 8932K, capacity 11329K, committed 11520K, reserved 1058816K
  class space    used 1034K, capacity 1263K, committed 1280K, reserved 1048576K
}
Event: 1.065 GC heap before
{Heap before GC invocations=12 (full 0):
 garbage-first heap   total 12288K, used 7108K [0x0000000081e00000, 0x0000000100000000)
  region size 1024K, 3 young (3072K), 1 survivors (1024K)
 Metaspace       used 8938K, capacity 11329K, committed 11520K, reserved 1058816K
  class space    used 1034K, capacity 1263K, committed 1280K, reserved 1048576K
}
Event: 1.067 GC heap after
{Heap after GC invocations=13 (full 0):
 garbage-first heap   total 12288K, used 5288K [0x0000000081e00000, 0x0000000100000000)
  region size 1024K, 1 young (1024K), 1 survivors (1024K)
 Metaspace       used 8938K, capacity 11329K, committed 11520K, reserved 1058816K
  class space    used 1034K, capacity 1263K, committed 1280K, reserved 1048576K
}
Event: 1.076 GC heap before
{Heap before GC invocations=13 (full 0):
 garbage-first heap   total 12288K, used 7336K [0x0000000081e00000, 0x0000000100000000)
  region size 1024K, 3 young (3072K), 1 survivors (1024K)
 Metaspace       used 8950K, capacity 11329K, committed 11520K, reserved 1058816K
  class space    used 1034K, capacity 1263K, committed 1280K, reserved 1048576K
}
Event: 1.078 GC heap after
{Heap after GC invocations=14 (full 0):
 garbage-first heap   total 15360K, used 5569K [0x0000000081e00000, 0x0000000100000000)
  region size 1024K, 1 young (1024K), 1 survivors (1024K)
 Metaspace       used 8950K, capacity 11329K, committed 11520K, reserved 1058816K
  class space    used 1034K, capacity 1263K, committed 1280K, reserved 1048576K
}
Event: 1.109 GC heap before
{Heap before GC invocations=14 (full 0):
 garbage-first heap   total 15360K, used 9665K [0x0000000081e00000, 0x0000000100000000)
  region size 1024K, 5 young (5120K), 1 survivors (1024K)
 Metaspace       used 9120K, capacity 11495K, committed 11648K, reserved 1058816K
  class space    used 1055K, capacity 1297K, committed 1408K, reserved 1048576K
}
Event: 1.111 GC heap after
{Heap after GC invocations=15 (full 0):
 garbage-first heap   total 15360K, used 6238K [0x0000000081e00000, 0x0000000100000000)
  region size 1024K, 1 young (1024K), 1 survivors (1024K)
 Metaspace       used 9120K, capacity 11495K, committed 11648K, reserved 1058816K
  class space    used 1055K, capacity 1297K, committed 1408K, reserved 1048576K
}
Event: 1.139 GC heap before
{Heap before GC invocations=15 (full 0):
 garbage-first heap   total 15360K, used 8286K [0x0000000081e00000, 0x0000000100000000)
  region size 1024K, 4 young (4096K), 1 survivors (1024K)
 Metaspace       used 9194K, capacity 11559K, committed 11904K, reserved 1060864K
  class space    used 1059K, capacity 1297K, committed 1408K, reserved 1048576K
}
Event: 1.142 GC heap after
{Heap after GC invocations=16 (full 0):
 garbage-first heap   total 15360K, used 7328K [0x0000000081e00000, 0x0000000100000000)
  region size 1024K, 1 young (1024K), 1 survivors (1024K)
 Metaspace       used 9194K, capacity 11559K, committed 11904K, reserved 1060864K
  class space    used 1059K, capacity 1297K, committed 1408K, reserved 1048576K
}
Event: 1.155 GC heap before
{Heap before GC invocations=16 (full 0):
 garbage-first heap   total 15360K, used 9376K [0x0000000081e00000, 0x0000000100000000)
  region size 1024K, 3 young (3072K), 1 survivors (1024K)
 Metaspace       used 9249K, capacity 11624K, committed 11904K, reserved 1060864K
  class space    used 1066K, capacity 1297K, committed 1408K, reserved 1048576K
}
Event: 1.158 GC heap after
{Heap after GC invocations=17 (full 0):
 garbage-first heap   total 15360K, used 7912K [0x0000000081e00000, 0x0000000100000000)
  region size 1024K, 1 young (1024K), 1 survivors (1024K)
 Metaspace       used 9249K, capacity 11624K, committed 11904K, reserved 1060864K
  class space    used 1066K, capacity 1297K, committed 1408K, reserved 1048576K
}
Event: 1.187 GC heap before
{Heap before GC invocations=18 (full 0):
 garbage-first heap   total 19456K, used 9960K [0x0000000081e00000, 0x0000000100000000)
  region size 1024K, 3 young (3072K), 1 survivors (1024K)
 Metaspace       used 9550K, capacity 11848K, committed 12160K, reserved 1060864K
  class space    used 1101K, capacity 1329K, committed 1408K, reserved 1048576K
}

